08/22/2020 03:23:39 PM: INFO: ****** Test_001_Login ***********
08/22/2020 03:23:39 PM: INFO: **********Verifying Home Page Title **********
08/22/2020 03:23:42 PM: INFO: **********Home page title is passed **********
08/22/2020 03:23:45 PM: INFO: **********Verify login test**********
08/22/2020 03:23:53 PM: INFO: **********Login test is passed **********
08/22/2020 06:24:37 PM: INFO: ****** Test_001_Login ***********
08/22/2020 06:24:37 PM: INFO: **********Verifying Home Page Title **********
08/22/2020 06:24:41 PM: INFO: **********Home page title is passed **********
08/22/2020 06:24:45 PM: INFO: **********Verify login test**********
08/22/2020 06:24:58 PM: INFO: **********Login test is passed **********
08/22/2020 06:44:21 PM: INFO: ****** Test_001_Login ***********
08/22/2020 06:44:21 PM: INFO: **********Verifying Home Page Title **********
08/22/2020 06:44:26 PM: INFO: **********Home page title is passed **********
08/22/2020 06:44:33 PM: INFO: **********Verify login test**********
08/22/2020 06:44:42 PM: INFO: **********Login test is passed **********
08/22/2020 07:02:03 PM: INFO: ****** Test_001_Login ***********
08/22/2020 07:02:03 PM: INFO: **********Verifying Home Page Title **********
08/22/2020 07:02:07 PM: INFO: **********Home page title is passed **********
08/22/2020 07:02:10 PM: INFO: **********Verify login test**********
08/22/2020 07:02:16 PM: INFO: **********Login test is passed **********
08/22/2020 07:10:21 PM: INFO: **********Verify login test**********
08/22/2020 07:10:21 PM: INFO: ****** Test_001_Login ***********
08/22/2020 07:10:21 PM: INFO: **********Verifying Home Page Title **********
08/22/2020 07:10:24 PM: INFO: **********Home page title is passed **********
08/22/2020 07:10:30 PM: INFO: **********Login test is passed **********
08/22/2020 08:44:44 PM: INFO: ****** Test_001_Login ***********
08/22/2020 08:44:44 PM: INFO: **********Verifying Home Page Title **********
08/22/2020 08:44:44 PM: INFO: **********Verify login test**********
08/22/2020 08:45:54 PM: INFO: **********Home page title is passed **********
08/22/2020 08:46:08 PM: INFO: **********Login test is passed **********
